{"/Users/alina/Github/fend/projects/travel-app/src/client/js/app.js": {"path":"/Users/alina/Github/fend/projects/travel-app/src/client/js/app.js","statementMap":{"0":{"start":{"line":1,"column":20},"end":{"line":42,"column":1}},"1":{"start":{"line":2,"column":1},"end":{"line":5,"column":4}},"2":{"start":{"line":3,"column":2},"end":{"line":3,"column":25}},"3":{"start":{"line":4,"column":2},"end":{"line":4,"column":21}},"4":{"start":{"line":7,"column":26},"end":{"line":41,"column":2}},"5":{"start":{"line":9,"column":22},"end":{"line":9,"column":66}},"6":{"start":{"line":10,"column":20},"end":{"line":10,"column":62}},"7":{"start":{"line":11,"column":18},"end":{"line":11,"column":58}},"8":{"start":{"line":13,"column":2},"end":{"line":40,"column":3}},"9":{"start":{"line":14,"column":28},"end":{"line":14,"column":74}},"10":{"start":{"line":16,"column":3},"end":{"line":16,"column":41}},"11":{"start":{"line":18,"column":20},"end":{"line":35,"column":4}},"12":{"start":{"line":19,"column":21},"end":{"line":27,"column":6}},"13":{"start":{"line":29,"column":4},"end":{"line":34,"column":5}},"14":{"start":{"line":30,"column":21},"end":{"line":30,"column":42}},"15":{"start":{"line":31,"column":5},"end":{"line":31,"column":20}},"16":{"start":{"line":33,"column":5},"end":{"line":33,"column":35}},"17":{"start":{"line":36,"column":3},"end":{"line":36,"column":90}},"18":{"start":{"line":37,"column":3},"end":{"line":37,"column":23}},"19":{"start":{"line":39,"column":3},"end":{"line":39,"column":16}},"20":{"start":{"line":45,"column":29},"end":{"line":57,"column":1}},"21":{"start":{"line":46,"column":16},"end":{"line":46,"column":35}},"22":{"start":{"line":47,"column":19},"end":{"line":47,"column":38}},"23":{"start":{"line":48,"column":20},"end":{"line":48,"column":37}},"24":{"start":{"line":50,"column":26},"end":{"line":50,"column":81}},"25":{"start":{"line":53,"column":1},"end":{"line":55,"column":2}},"26":{"start":{"line":54,"column":2},"end":{"line":54,"column":43}},"27":{"start":{"line":56,"column":1},"end":{"line":56,"column":25}},"28":{"start":{"line":59,"column":13},"end":{"line":59,"column":15}},"29":{"start":{"line":60,"column":21},"end":{"line":60,"column":61}},"30":{"start":{"line":63,"column":16},"end":{"line":82,"column":1}},"31":{"start":{"line":64,"column":18},"end":{"line":81,"column":4}},"32":{"start":{"line":68,"column":3},"end":{"line":68,"column":26}},"33":{"start":{"line":71,"column":3},"end":{"line":71,"column":38}},"34":{"start":{"line":72,"column":3},"end":{"line":72,"column":42}},"35":{"start":{"line":73,"column":3},"end":{"line":73,"column":40}},"36":{"start":{"line":74,"column":3},"end":{"line":74,"column":36}},"37":{"start":{"line":75,"column":3},"end":{"line":75,"column":36}},"38":{"start":{"line":76,"column":3},"end":{"line":76,"column":96}},"39":{"start":{"line":79,"column":3},"end":{"line":79,"column":20}},"40":{"start":{"line":80,"column":3},"end":{"line":80,"column":40}},"41":{"start":{"line":85,"column":17},"end":{"line":97,"column":1}},"42":{"start":{"line":86,"column":21},"end":{"line":86,"column":60}},"43":{"start":{"line":87,"column":28},"end":{"line":87,"column":63}},"44":{"start":{"line":88,"column":28},"end":{"line":88,"column":63}},"45":{"start":{"line":89,"column":28},"end":{"line":89,"column":63}},"46":{"start":{"line":90,"column":22},"end":{"line":90,"column":62}},"47":{"start":{"line":92,"column":1},"end":{"line":92,"column":28}},"48":{"start":{"line":93,"column":1},"end":{"line":93,"column":49}},"49":{"start":{"line":94,"column":1},"end":{"line":94,"column":49}},"50":{"start":{"line":95,"column":1},"end":{"line":95,"column":49}},"51":{"start":{"line":96,"column":1},"end":{"line":96,"column":49}},"52":{"start":{"line":99,"column":0},"end":{"line":103,"column":2}}},"fnMap":{"0":{"name":"(anonymous_0)","decl":{"start":{"line":1,"column":20},"end":{"line":1,"column":21}},"loc":{"start":{"line":1,"column":44},"end":{"line":42,"column":1}},"line":1},"1":{"name":"(anonymous_1)","decl":{"start":{"line":2,"column":40},"end":{"line":2,"column":41}},"loc":{"start":{"line":2,"column":51},"end":{"line":5,"column":2}},"line":2},"2":{"name":"(anonymous_2)","decl":{"start":{"line":7,"column":26},"end":{"line":7,"column":27}},"loc":{"start":{"line":7,"column":38},"end":{"line":41,"column":2}},"line":7},"3":{"name":"(anonymous_3)","decl":{"start":{"line":18,"column":20},"end":{"line":18,"column":21}},"loc":{"start":{"line":18,"column":51},"end":{"line":35,"column":4}},"line":18},"4":{"name":"(anonymous_4)","decl":{"start":{"line":45,"column":29},"end":{"line":45,"column":30}},"loc":{"start":{"line":45,"column":53},"end":{"line":57,"column":1}},"line":45},"5":{"name":"(anonymous_5)","decl":{"start":{"line":63,"column":16},"end":{"line":63,"column":17}},"loc":{"start":{"line":63,"column":36},"end":{"line":82,"column":1}},"line":63},"6":{"name":"(anonymous_6)","decl":{"start":{"line":67,"column":8},"end":{"line":67,"column":9}},"loc":{"start":{"line":67,"column":22},"end":{"line":69,"column":3}},"line":67},"7":{"name":"(anonymous_7)","decl":{"start":{"line":70,"column":8},"end":{"line":70,"column":9}},"loc":{"start":{"line":70,"column":18},"end":{"line":77,"column":3}},"line":70},"8":{"name":"(anonymous_8)","decl":{"start":{"line":78,"column":9},"end":{"line":78,"column":10}},"loc":{"start":{"line":78,"column":18},"end":{"line":81,"column":3}},"line":78},"9":{"name":"(anonymous_9)","decl":{"start":{"line":85,"column":17},"end":{"line":85,"column":18}},"loc":{"start":{"line":85,"column":70},"end":{"line":97,"column":1}},"line":85}},"branchMap":{"0":{"loc":{"start":{"line":18,"column":27},"end":{"line":18,"column":35}},"type":"default-arg","locations":[{"start":{"line":18,"column":33},"end":{"line":18,"column":35}}],"line":18},"1":{"loc":{"start":{"line":18,"column":37},"end":{"line":18,"column":46}},"type":"default-arg","locations":[{"start":{"line":18,"column":44},"end":{"line":18,"column":46}}],"line":18},"2":{"loc":{"start":{"line":53,"column":1},"end":{"line":55,"column":2}},"type":"if","locations":[{"start":{"line":53,"column":1},"end":{"line":55,"column":2}},{"start":{"line":53,"column":1},"end":{"line":55,"column":2}}],"line":53},"3":{"loc":{"start":{"line":63,"column":23},"end":{"line":63,"column":31}},"type":"default-arg","locations":[{"start":{"line":63,"column":29},"end":{"line":63,"column":31}}],"line":63}},"s":{"0":1,"1":0,"2":0,"3":0,"4":0,"5":0,"6":0,"7":0,"8":0,"9":0,"10":0,"11":0,"12":0,"13":0,"14":0,"15":0,"16":0,"17":0,"18":0,"19":0,"20":1,"21":1,"22":1,"23":1,"24":1,"25":1,"26":0,"27":1,"28":1,"29":1,"30":1,"31":0,"32":0,"33":0,"34":0,"35":0,"36":0,"37":0,"38":0,"39":0,"40":0,"41":1,"42":0,"43":0,"44":0,"45":0,"46":0,"47":0,"48":0,"49":0,"50":0,"51":0,"52":1},"f":{"0":0,"1":0,"2":0,"3":0,"4":1,"5":0,"6":0,"7":0,"8":0,"9":0},"b":{"0":[0],"1":[0],"2":[0,1],"3":[0]},"_coverageSchema":"1a1c01bbd47fc00a2c39e90264f33305004495a9","hash":"89ef5795487f24a48648d0e255aa7c6db4310044"}
,"/Users/alina/Github/fend/projects/travel-app/src/server/index.js": {"path":"/Users/alina/Github/fend/projects/travel-app/src/server/index.js","statementMap":{"0":{"start":{"line":2,"column":16},"end":{"line":2,"column":34}},"1":{"start":{"line":5,"column":14},"end":{"line":5,"column":35}},"2":{"start":{"line":8,"column":12},"end":{"line":8,"column":21}},"3":{"start":{"line":11,"column":13},"end":{"line":11,"column":28}},"4":{"start":{"line":14,"column":19},"end":{"line":14,"column":41}},"5":{"start":{"line":16,"column":0},"end":{"line":16,"column":52}},"6":{"start":{"line":17,"column":0},"end":{"line":17,"column":27}},"7":{"start":{"line":20,"column":0},"end":{"line":23,"column":3}},"8":{"start":{"line":21,"column":1},"end":{"line":21,"column":26}},"9":{"start":{"line":22,"column":1},"end":{"line":22,"column":42}},"10":{"start":{"line":26,"column":13},"end":{"line":26,"column":28}},"11":{"start":{"line":27,"column":0},"end":{"line":27,"column":16}},"12":{"start":{"line":30,"column":0},"end":{"line":30,"column":32}},"13":{"start":{"line":33,"column":13},"end":{"line":33,"column":17}},"14":{"start":{"line":34,"column":0},"end":{"line":36,"column":3}},"15":{"start":{"line":35,"column":1},"end":{"line":35,"column":54}},"16":{"start":{"line":39,"column":15},"end":{"line":39,"column":32}},"17":{"start":{"line":40,"column":0},"end":{"line":40,"column":16}},"18":{"start":{"line":42,"column":25},"end":{"line":42,"column":48}},"19":{"start":{"line":43,"column":25},"end":{"line":43,"column":53}},"20":{"start":{"line":44,"column":22},"end":{"line":44,"column":47}},"21":{"start":{"line":47,"column":15},"end":{"line":47,"column":17}},"22":{"start":{"line":48,"column":14},"end":{"line":48,"column":16}},"23":{"start":{"line":49,"column":18},"end":{"line":49,"column":20}},"24":{"start":{"line":50,"column":18},"end":{"line":50,"column":20}},"25":{"start":{"line":52,"column":0},"end":{"line":63,"column":3}},"26":{"start":{"line":53,"column":1},"end":{"line":56,"column":3}},"27":{"start":{"line":58,"column":1},"end":{"line":60,"column":2}},"28":{"start":{"line":59,"column":2},"end":{"line":59,"column":33}},"29":{"start":{"line":61,"column":1},"end":{"line":61,"column":80}},"30":{"start":{"line":62,"column":1},"end":{"line":62,"column":48}},"31":{"start":{"line":66,"column":32},"end":{"line":68,"column":1}},"32":{"start":{"line":67,"column":1},"end":{"line":67,"column":104}},"33":{"start":{"line":69,"column":34},"end":{"line":71,"column":1}},"34":{"start":{"line":70,"column":1},"end":{"line":70,"column":101}},"35":{"start":{"line":73,"column":31},"end":{"line":75,"column":1}},"36":{"start":{"line":74,"column":1},"end":{"line":74,"column":128}},"37":{"start":{"line":78,"column":16},"end":{"line":115,"column":1}},"38":{"start":{"line":79,"column":1},"end":{"line":114,"column":2}},"39":{"start":{"line":80,"column":2},"end":{"line":111,"column":6}},"40":{"start":{"line":81,"column":18},"end":{"line":81,"column":28}},"41":{"start":{"line":83,"column":4},"end":{"line":83,"column":35}},"42":{"start":{"line":85,"column":4},"end":{"line":92,"column":5}},"43":{"start":{"line":86,"column":5},"end":{"line":89,"column":7}},"44":{"start":{"line":90,"column":5},"end":{"line":90,"column":72}},"45":{"start":{"line":94,"column":4},"end":{"line":104,"column":5}},"46":{"start":{"line":96,"column":5},"end":{"line":102,"column":7}},"47":{"start":{"line":103,"column":5},"end":{"line":103,"column":65}},"48":{"start":{"line":106,"column":4},"end":{"line":110,"column":5}},"49":{"start":{"line":107,"column":5},"end":{"line":109,"column":7}},"50":{"start":{"line":113,"column":2},"end":{"line":113,"column":31}},"51":{"start":{"line":118,"column":0},"end":{"line":121,"column":3}},"52":{"start":{"line":119,"column":1},"end":{"line":119,"column":50}},"53":{"start":{"line":120,"column":1},"end":{"line":120,"column":31}},"54":{"start":{"line":123,"column":0},"end":{"line":123,"column":21}}},"fnMap":{"0":{"name":"(anonymous_0)","decl":{"start":{"line":20,"column":8},"end":{"line":20,"column":9}},"loc":{"start":{"line":20,"column":39},"end":{"line":23,"column":1}},"line":20},"1":{"name":"(anonymous_1)","decl":{"start":{"line":34,"column":17},"end":{"line":34,"column":18}},"loc":{"start":{"line":34,"column":29},"end":{"line":36,"column":1}},"line":34},"2":{"name":"(anonymous_2)","decl":{"start":{"line":52,"column":26},"end":{"line":52,"column":27}},"loc":{"start":{"line":52,"column":46},"end":{"line":63,"column":1}},"line":52},"3":{"name":"(anonymous_3)","decl":{"start":{"line":66,"column":32},"end":{"line":66,"column":33}},"loc":{"start":{"line":66,"column":49},"end":{"line":68,"column":1}},"line":66},"4":{"name":"(anonymous_4)","decl":{"start":{"line":69,"column":34},"end":{"line":69,"column":35}},"loc":{"start":{"line":69,"column":48},"end":{"line":71,"column":1}},"line":69},"5":{"name":"(anonymous_5)","decl":{"start":{"line":73,"column":31},"end":{"line":73,"column":32}},"loc":{"start":{"line":73,"column":48},"end":{"line":75,"column":1}},"line":73},"6":{"name":"(anonymous_6)","decl":{"start":{"line":78,"column":16},"end":{"line":78,"column":17}},"loc":{"start":{"line":78,"column":31},"end":{"line":115,"column":1}},"line":78},"7":{"name":"(anonymous_7)","decl":{"start":{"line":81,"column":9},"end":{"line":81,"column":10}},"loc":{"start":{"line":81,"column":18},"end":{"line":81,"column":28}},"line":81},"8":{"name":"(anonymous_8)","decl":{"start":{"line":82,"column":9},"end":{"line":82,"column":10}},"loc":{"start":{"line":82,"column":25},"end":{"line":111,"column":4}},"line":82},"9":{"name":"(anonymous_9)","decl":{"start":{"line":118,"column":20},"end":{"line":118,"column":21}},"loc":{"start":{"line":118,"column":34},"end":{"line":121,"column":1}},"line":118}},"branchMap":{"0":{"loc":{"start":{"line":58,"column":1},"end":{"line":60,"column":2}},"type":"if","locations":[{"start":{"line":58,"column":1},"end":{"line":60,"column":2}},{"start":{"line":58,"column":1},"end":{"line":60,"column":2}}],"line":58},"1":{"loc":{"start":{"line":85,"column":4},"end":{"line":92,"column":5}},"type":"if","locations":[{"start":{"line":85,"column":4},"end":{"line":92,"column":5}},{"start":{"line":85,"column":4},"end":{"line":92,"column":5}}],"line":85},"2":{"loc":{"start":{"line":94,"column":4},"end":{"line":104,"column":5}},"type":"if","locations":[{"start":{"line":94,"column":4},"end":{"line":104,"column":5}},{"start":{"line":94,"column":4},"end":{"line":104,"column":5}}],"line":94},"3":{"loc":{"start":{"line":106,"column":4},"end":{"line":110,"column":5}},"type":"if","locations":[{"start":{"line":106,"column":4},"end":{"line":110,"column":5}},{"start":{"line":106,"column":4},"end":{"line":110,"column":5}}],"line":106}},"s":{"0":1,"1":1,"2":1,"3":1,"4":1,"5":1,"6":1,"7":1,"8":0,"9":0,"10":1,"11":1,"12":1,"13":1,"14":1,"15":1,"16":1,"17":1,"18":1,"19":1,"20":1,"21":1,"22":1,"23":1,"24":1,"25":1,"26":1,"27":1,"28":0,"29":1,"30":1,"31":1,"32":1,"33":1,"34":0,"35":1,"36":0,"37":1,"38":1,"39":1,"40":1,"41":1,"42":1,"43":1,"44":0,"45":0,"46":0,"47":0,"48":0,"49":0,"50":1,"51":1,"52":1,"53":1,"54":1},"f":{"0":0,"1":1,"2":1,"3":1,"4":0,"5":0,"6":1,"7":1,"8":1,"9":1},"b":{"0":[0,1],"1":[1,0],"2":[0,0],"3":[0,0]},"_coverageSchema":"1a1c01bbd47fc00a2c39e90264f33305004495a9","hash":"683f9a7d0c2901323144c54e4588adedebe675b3"}
}
